<?xml version="1.0" encoding="UTF-8"?>
<!-- Generated by org.testng.reporters.JUnitReportReporter -->
<testsuite hostname="DESKTOP-MJGTEAM" failures="0" tests="6" name="TestNG.Prioritization" time="57.448" errors="0" timestamp="2023-05-24T14:35:24 IST" skipped="0">
  <testcase classname="TestNG.Prioritization" name="setup" time="49.264"/>
  <system-out/>
  <testcase classname="TestNG.Prioritization" name="gotoUrl" time="0.933"/>
  <system-out/>
  <testcase classname="TestNG.Prioritization" name="type_UserName" time="2.278"/>
  <system-out/>
  <testcase classname="TestNG.Prioritization" name="type_Password" time="2.219"/>
  <system-out/>
  <testcase classname="TestNG.Prioritization" name="clickLogin" time="2.265"/>
  <system-out/>
  <testcase classname="TestNG.Prioritization" name="tearDown" time="0.489"/>
  <system-out/>
</testsuite> <!-- TestNG.Prioritization -->
