<?xml version="1.0" encoding="UTF-8"?>
<!-- Generated by org.testng.reporters.JUnitReportReporter -->
<testsuite hostname="DESKTOP-MJGTEAM" failures="0" tests="6" name="TestNG.DependsOnMethods" time="54.246" errors="0" timestamp="2023-05-21T17:39:09 IST" skipped="0">
  <testcase classname="TestNG.DependsOnMethods" name="setup" time="46.867"/>
  <system-out/>
  <testcase classname="TestNG.DependsOnMethods" name="gotoUrl" time="0.558"/>
  <system-out/>
  <testcase classname="TestNG.DependsOnMethods" name="type_UserName" time="2.237"/>
  <system-out/>
  <testcase classname="TestNG.DependsOnMethods" name="type_Password" time="2.192"/>
  <system-out/>
  <testcase classname="TestNG.DependsOnMethods" name="clickLogin" time="2.196"/>
  <system-out/>
  <testcase classname="TestNG.DependsOnMethods" name="tearDown" time="0.196"/>
  <system-out/>
</testsuite> <!-- TestNG.DependsOnMethods -->
