<?xml version="1.0" encoding="UTF-8"?>
<!-- Generated by org.testng.reporters.JUnitReportReporter -->
<testsuite hostname="DESKTOP-MJGTEAM" failures="0" tests="6" name="TestNG.DependsOnMethodsConcept" time="11.793" errors="0" timestamp="2023-05-24T14:37:59 IST" skipped="0">
  <testcase classname="TestNG.DependsOnMethodsConcept" name="type_Password" time="2.192"/>
  <system-out/>
  <testcase classname="TestNG.DependsOnMethodsConcept" name="clickLogin" time="2.222"/>
  <system-out/>
  <testcase classname="TestNG.DependsOnMethodsConcept" name="gotoUrl" time="0.811"/>
  <system-out/>
  <testcase classname="TestNG.DependsOnMethodsConcept" name="type_UserName" time="2.308"/>
  <system-out/>
  <testcase classname="TestNG.DependsOnMethodsConcept" name="tearDown" time="0.394"/>
  <system-out/>
  <testcase classname="TestNG.DependsOnMethodsConcept" name="setup" time="3.866"/>
  <system-out/>
</testsuite> <!-- TestNG.DependsOnMethodsConcept -->
